2024-12-09 12:15:47,791 - INFO - Logging initialized.
2024-12-09 12:15:47,791 - INFO - Initialized tree with name: Name
2024-12-09 12:15:47,791 - INFO - Tree representation: Tree(Name)
2024-12-09 12:15:47,791 - INFO - Logging initialized.
2024-12-09 12:15:47,791 - INFO - Loading tree from: path/to/treefile.tre
2024-12-09 12:15:47,792 - INFO - Initialized tree from file: path/to/treefile.tre
2024-12-09 12:15:47,792 - INFO - Tree representation: Tree(treefile.tre)
2024-12-09 12:15:47,792 - INFO - Retrieved terminal names for tree: treefile.tre
2024-12-09 12:15:47,802 - INFO - Computed distance matrix for tree: treefile.tre
2024-12-09 12:15:47,829 - INFO - Tree diameter: 2.534245252609253
2024-12-09 12:15:47,831 - INFO - Normalizing tree: treefile.tre
2024-12-09 12:15:47,831 - INFO - Tree diameter: 2.534245252609253
2024-12-09 12:15:47,831 - INFO - Tree normalized with scale factor: 0.39459480055073687
2024-12-09 12:15:47,831 - INFO - Tree diameter: 1.0
2024-12-09 12:15:47,831 - INFO - Tree diameter: 1.0
2024-12-09 12:15:47,835 - INFO - Retrieved terminal names for tree: treefile.tre
2024-12-09 12:15:47,838 - INFO - Computed distance matrix for tree: treefile.tre
2024-12-09 12:15:47,838 - INFO - Initiating naive embedding of the tree in hyperbolic space.
2024-12-09 12:15:55,689 - INFO - Retrieved terminal names for tree: treefile.tre
2024-12-09 12:15:55,694 - INFO - Naive hyperbolic embedding completed.
2024-12-09 12:15:55,696 - INFO - Object successfully saved to tmp/Results/20241209_121547/hyperbolic_space.pkl
